DEBUG: 2017-06-16 15:45:25,837: logger initialized
INFO: 2017-06-16 15:45:25,838: process node-13 0 node-13:5555
INFO: 2017-06-16 15:45:25,838: process node-1 1 node-1:5556
INFO: 2017-06-16 15:45:25,838: process node-10 2 node-10:5557
INFO: 2017-06-16 15:45:25,839: process node-11 3 node-11:5558
INFO: 2017-06-16 15:45:25,839: add_site: s0, server, 10000
INFO: 2017-06-16 15:45:25,839: add_site: s1, server, 10001
INFO: 2017-06-16 15:45:25,840: add_site: s2, server, 10002
INFO: 2017-06-16 15:45:25,840: add_site: s3, server, 10003
INFO: 2017-06-16 15:45:25,840: add_site: s4, server, 10004
INFO: 2017-06-16 15:45:25,841: add_site: s5, server, 10005
INFO: 2017-06-16 15:45:25,841: add_site: c0, client, 5555
INFO: 2017-06-16 15:45:25,841: process infos: {'node-11': <__main__.ProcessInfo instance at 0x7f60bf9d5b00>, 'node-10': <__main__.ProcessInfo instance at 0x7f60bf9d5f38>, 'node-13': <__main__.ProcessInfo instance at 0x7f60bf934dd0>, 'node-1': <__main__.ProcessInfo instance at 0x7f60bf9d58c0>}
DEBUG: 2017-06-16 15:45:26,345: Existing Server or Client Processes:
----------
Server: node-11
-------------
sgt43    13301 13300 13301  0    1  3128  2916   1 15:45 ?        00:00:00 /bin/bash -c ps -eLF | grep "deptran_server"
sgt43    13303 13301 13303  0    1  3556   976   1 15:45 ?        00:00:00 grep deptran_server

----------
Server: node-13
-------------
sgt43    13326 13325 13326  0    1  3128  2968   0 15:45 ?        00:00:00 /bin/bash -c ps -eLF | grep "deptran_server"
sgt43    13328 13326 13328  0    1  3556  1024   0 15:45 ?        00:00:00 grep deptran_server

----------
Server: node-10
-------------
sgt43    14666 14665 14666  0    1  3128  2948   1 15:45 ?        00:00:00 /bin/bash -c ps -eLF | grep "deptran_server"
sgt43    14668 14666 14668  0    1  3556   928   1 15:45 ?        00:00:00 grep deptran_server

----------
Server: node-1
-------------
sgt43    14670 14669 14670  0    1  3128  2928   0 15:45 ?        00:00:00 /bin/bash -c ps -eLF | grep "deptran_server"
sgt43    14672 14670 14672  0    1  3556   980   0 15:45 ?        00:00:00 grep deptran_server

INFO: 2017-06-16 15:45:26,369: waiting for killall commands to finish.
ERROR: 2017-06-16 15:45:26,728: host: 1; killall did not kill anything
ERROR: 2017-06-16 15:45:26,753: host: 1; killall did not kill anything
ERROR: 2017-06-16 15:45:26,824: host: 1; killall did not kill anything
ERROR: 2017-06-16 15:45:26,841: host: 1; killall did not kill anything
INFO: 2017-06-16 15:45:26,842: done waiting for killall commands to finish.
DEBUG: 2017-06-16 15:45:27,381: Existing Server or Client After Kill:
----------
Server: node-11
-------------
sgt43    13343 13342 13343  0    1  3128  2864   0 15:45 ?        00:00:00 /bin/bash -c ps -eLF | grep "deptran_server"
sgt43    13345 13343 13345  0    1  3556   940   0 15:45 ?        00:00:00 grep deptran_server

----------
Server: node-13
-------------
sgt43    13369 13368 13369  0    1  3128  2924   0 15:45 ?        00:00:00 /bin/bash -c ps -eLF | grep "deptran_server"
sgt43    13371 13369 13371  0    1  3556  1024   0 15:45 ?        00:00:00 grep deptran_server

----------
Server: node-10
-------------
sgt43    14732 14731 14732  0    1  3128  2880   1 15:45 ?        00:00:00 /bin/bash -c ps -eLF | grep "deptran_server"
sgt43    14734 14732 14734  0    1  3556   968   1 15:45 ?        00:00:00 grep deptran_server

----------
Server: node-1
-------------
sgt43    14736 14735 14736  0    1  3128  2980   0 15:45 ?        00:00:00 /bin/bash -c ps -eLF | grep "deptran_server"
sgt43    14738 14736 14738  0    1  3556  1028   0 15:45 ?        00:00:00 grep deptran_server

INFO: 2017-06-16 15:45:27,382: No taskset, auto scheduling
DEBUG: 2017-06-16 15:45:27,382: before server_controller.start
DEBUG: 2017-06-16 15:45:27,383: {'node-11': <__main__.ProcessInfo instance at 0x7f60bf9d5b00>, 'node-10': <__main__.ProcessInfo instance at 0x7f60bf9d5f38>, 'node-13': <__main__.ProcessInfo instance at 0x7f60bf934dd0>, 'node-1': <__main__.ProcessInfo instance at 0x7f60bf9d58c0>}
INFO: 2017-06-16 15:45:27,383: starting node-11 @ node-11
DEBUG: 2017-06-16 15:45:27,384: running: cd /users/sgt43/janus;  mkdir -p /users/sgt43/janus/log;  nohup  ./build/deptran_server -b -d 10 -f '/users/sgt43/janus/tmp/janus-final-dsefXr0hUn.yml' -P 'node-11' -p 5558 -t 30 -r '/users/sgt43/janus/log' 1>'/users/sgt43/janus/log/proc-node-11.log' 2>'/users/sgt43/janus/log/proc-node-11.err' &
INFO: 2017-06-16 15:45:27,388: starting node-10 @ node-10
DEBUG: 2017-06-16 15:45:27,390: running: cd /users/sgt43/janus;  mkdir -p /users/sgt43/janus/log;  nohup  ./build/deptran_server -b -d 10 -f '/users/sgt43/janus/tmp/janus-final-dsefXr0hUn.yml' -P 'node-10' -p 5557 -t 30 -r '/users/sgt43/janus/log' 1>'/users/sgt43/janus/log/proc-node-10.log' 2>'/users/sgt43/janus/log/proc-node-10.err' &
INFO: 2017-06-16 15:45:27,393: starting node-13 @ node-13
DEBUG: 2017-06-16 15:45:27,398: running: cd /users/sgt43/janus;  mkdir -p /users/sgt43/janus/log;  nohup  ./build/deptran_server -b -d 10 -f '/users/sgt43/janus/tmp/janus-final-dsefXr0hUn.yml' -P 'node-13' -p 5555 -t 30 -r '/users/sgt43/janus/log' 1>'/users/sgt43/janus/log/proc-node-13.log' 2>'/users/sgt43/janus/log/proc-node-13.err' &
INFO: 2017-06-16 15:45:27,401: starting node-1 @ node-1
DEBUG: 2017-06-16 15:45:27,408: running: cd /users/sgt43/janus;  mkdir -p /users/sgt43/janus/log;  nohup  ./build/deptran_server -b -d 10 -f '/users/sgt43/janus/tmp/janus-final-dsefXr0hUn.yml' -P 'node-1' -p 5556 -t 30 -r '/users/sgt43/janus/log' 1>'/users/sgt43/janus/log/proc-node-1.log' 2>'/users/sgt43/janus/log/proc-node-1.err' &
DEBUG: 2017-06-16 15:45:27,577: after server_controller.start
DEBUG: 2017-06-16 15:45:27,578: in setup_heartbeat
INFO: 2017-06-16 15:45:27,591: Waiting for server init ...
DEBUG: 2017-06-16 15:45:27,595: in server_heart_beat
DEBUG: 2017-06-16 15:45:27,595: in connect_rpc 2
INFO: 2017-06-16 15:45:27,596: start connect to server ctrl rpc for site s2 @ node-11:20002
INFO: 2017-06-16 15:45:36,266: Connected to site s2 @ node-11
DEBUG: 2017-06-16 15:45:36,267: in connect_rpc 5
INFO: 2017-06-16 15:45:36,267: start connect to server ctrl rpc for site s5 @ node-11:20005
INFO: 2017-06-16 15:45:36,369: Connected to site s5 @ node-11
DEBUG: 2017-06-16 15:45:36,369: in connect_rpc 1
INFO: 2017-06-16 15:45:36,369: start connect to server ctrl rpc for site s1 @ node-10:20001
INFO: 2017-06-16 15:45:36,571: Connected to site s1 @ node-10
DEBUG: 2017-06-16 15:45:36,571: in connect_rpc 4
INFO: 2017-06-16 15:45:36,572: start connect to server ctrl rpc for site s4 @ node-10:20004
INFO: 2017-06-16 15:45:36,673: Connected to site s4 @ node-10
DEBUG: 2017-06-16 15:45:36,673: in connect_rpc 0
INFO: 2017-06-16 15:45:36,673: start connect to server ctrl rpc for site s0 @ node-1:20000
INFO: 2017-06-16 15:45:36,774: Connected to site s0 @ node-1
DEBUG: 2017-06-16 15:45:36,775: in connect_rpc 3
INFO: 2017-06-16 15:45:36,775: start connect to server ctrl rpc for site s3 @ node-1:20003
INFO: 2017-06-16 15:45:36,876: Connected to site s3 @ node-1
INFO: 2017-06-16 15:45:36,876: call sync_server_ready on site 2
INFO: 2017-06-16 15:45:36,878: site s2 ready
INFO: 2017-06-16 15:45:36,878: call sync_server_ready on site 5
INFO: 2017-06-16 15:45:36,879: site s5 ready
INFO: 2017-06-16 15:45:36,880: call sync_server_ready on site 1
INFO: 2017-06-16 15:45:36,881: site s1 ready
INFO: 2017-06-16 15:45:36,881: call sync_server_ready on site 4
INFO: 2017-06-16 15:45:36,882: site s4 ready
INFO: 2017-06-16 15:45:36,883: call sync_server_ready on site 0
INFO: 2017-06-16 15:45:36,884: site s0 ready
INFO: 2017-06-16 15:45:36,884: call sync_server_ready on site 3
INFO: 2017-06-16 15:45:36,885: site s3 ready
DEBUG: 2017-06-16 15:45:36,885: top server heartbeat loop
INFO: 2017-06-16 15:45:36,885: Waiting for server init ... Done
DEBUG: 2017-06-16 15:45:36,886: ping s2
DEBUG: 2017-06-16 15:45:36,886: ping s5
DEBUG: 2017-06-16 15:45:36,886: in connect_rpc 6
DEBUG: 2017-06-16 15:45:36,887: ping s1
DEBUG: 2017-06-16 15:45:36,887: ping s4
INFO: 2017-06-16 15:45:36,887: start connect to client ctrl rpc for site c0 @ node-13:5555
DEBUG: 2017-06-16 15:45:36,888: ping s0
DEBUG: 2017-06-16 15:45:36,888: ping s3
INFO: 2017-06-16 15:45:36,991: Connected to client site c0 @ node-13
INFO: 2017-06-16 15:45:36,992: Clients all ready
DEBUG: 2017-06-16 15:45:36,993: txn: DELIVERY - 40
DEBUG: 2017-06-16 15:45:36,994: txn: NEW_ORDER - 10
DEBUG: 2017-06-16 15:45:36,994: txn: PAYMENT - 20
DEBUG: 2017-06-16 15:45:36,994: txn: STOCK_LEVEL - 50
DEBUG: 2017-06-16 15:45:36,995: txn: ORDER_STATUS - 30
INFO: 2017-06-16 15:45:36,996: client start send successfully.
INFO: 2017-06-16 15:45:36,996: Clients started
DEBUG: 2017-06-16 15:45:36,997: in benchmark_record
INFO: 2017-06-16 15:45:36,997: contact 1 client rpc proxies
DEBUG: 2017-06-16 15:45:36,997: top client heartbeat; timeout 5
DEBUG: 2017-06-16 15:45:36,999: before recording period: 40
DEBUG: 2017-06-16 15:45:37,000: mid_pre_commit_txn (+0): 0
DEBUG: 2017-06-16 15:45:37,000: before recording period: 10
DEBUG: 2017-06-16 15:45:37,001: mid_pre_commit_txn (+0): 0
DEBUG: 2017-06-16 15:45:37,001: before recording period: 20
DEBUG: 2017-06-16 15:45:37,001: mid_pre_commit_txn (+0): 0
DEBUG: 2017-06-16 15:45:37,002: before recording period: 50
DEBUG: 2017-06-16 15:45:37,002: mid_pre_commit_txn (+0): 0
DEBUG: 2017-06-16 15:45:37,003: before recording period: 30
DEBUG: 2017-06-16 15:45:37,003: mid_pre_commit_txn (+0): 0
DEBUG: 2017-06-16 15:45:37,003: timing from server: run_sec 0.00; run_nsec 2504288.00
DEBUG: 2017-06-16 15:45:37,004: avg timing from 1 servers: run_sec 0.00; run_nsec 2504288.00
INFO: 2017-06-16 15:45:37,004: Progress: 0
INFO: 2017-06-16 15:45:37,005: total_time: 0.002504288
INFO: 2017-06-16 15:45:37,013: 
Progress: 0%
TOTAL: elapsed time: 0.0
RATIO    NAME            start    finish    attempts    commits    TPS
-------  ------------  -------  --------  ----------  ---------  -----
----     DELIVERY            0         0           0          0      0
----     NEW_ORDER           0         0           0          0      0
----     PAYMENT             1         0           0          0      0
----     STOCK_LEVEL         0         0           0          0      0
----     ORDER_STATUS        0         0           0          0      0
----     Total               1         0           0          0      0

INTERVAL: elapsed time: 0.0
RATIO    NAME            start    finish    attempts    commits    TPS    min lt    max lt    50.0% LATENCY    90.0% LATENCY    99.0% LATENCY    99.9% LATENCY    50.0% ATT_LT    90.0% ATT_LT
-------  ------------  -------  --------  ----------  ---------  -----  --------  --------  ---------------  ---------------  ---------------  ---------------  --------------  --------------
----     DELIVERY            0         0           0          0      0   99999.9   99999.9          99999.9          99999.9          99999.9          99999.9         99999.9         99999.9
----     NEW_ORDER           0         0           0          0      0   99999.9   99999.9          99999.9          99999.9          99999.9          99999.9         99999.9         99999.9
----     PAYMENT             1         0           0          0      0   99999.9   99999.9          99999.9          99999.9          99999.9          99999.9         99999.9         99999.9
----     STOCK_LEVEL         0         0           0          0      0   99999.9   99999.9          99999.9          99999.9          99999.9          99999.9         99999.9         99999.9
----     ORDER_STATUS        0         0           0          0      0   99999.9   99999.9          99999.9          99999.9          99999.9          99999.9         99999.9         99999.9
----     Total               1         0           0          0      0       0         0                0                0                0                0               0               0
	Total asking finish: 140365865212659
----------------------------------------------------------------------

DEBUG: 2017-06-16 15:45:42,019: top client heartbeat; timeout 5
DEBUG: 2017-06-16 15:45:42,031: before recording period: 40
DEBUG: 2017-06-16 15:45:42,032: mid_pre_commit_txn (+22): 22
DEBUG: 2017-06-16 15:45:42,032: before recording period: 10
DEBUG: 2017-06-16 15:45:42,032: mid_pre_commit_txn (+299): 299
DEBUG: 2017-06-16 15:45:42,033: before recording period: 20
DEBUG: 2017-06-16 15:45:42,033: mid_pre_commit_txn (+303): 303
DEBUG: 2017-06-16 15:45:42,033: before recording period: 50
DEBUG: 2017-06-16 15:45:42,034: mid_pre_commit_txn (+34): 34
DEBUG: 2017-06-16 15:45:42,034: before recording period: 30
DEBUG: 2017-06-16 15:45:42,034: mid_pre_commit_txn (+29): 29
DEBUG: 2017-06-16 15:45:42,035: timing from server: run_sec 6.00; run_nsec -975686354.00
DEBUG: 2017-06-16 15:45:42,035: avg timing from 1 servers: run_sec 6.00; run_nsec -975686354.00
INFO: 2017-06-16 15:45:42,035: Progress: 50
INFO: 2017-06-16 15:45:42,035: start recording period
INFO: 2017-06-16 15:45:42,036: total_time: 5.024313646
INFO: 2017-06-16 15:45:42,044: 
Progress: 50%
TOTAL: elapsed time: 5.02
RATIO    NAME            start    finish    attempts    commits    TPS
-------  ------------  -------  --------  ----------  ---------  -----
3.2%     DELIVERY           22        22          22         22      4
43.52%   NEW_ORDER         299       299         299        299     60
44.1%    PAYMENT           303       303         303        303     60
4.95%    STOCK_LEVEL        34        34          34         34      7
4.22%    ORDER_STATUS       29        29          29         29      6
----     Total             687       687         687        687    137

INTERVAL: elapsed time: 5.02
RATIO    NAME            start    finish    attempts    commits    TPS    min lt    max lt    50.0% LATENCY    90.0% LATENCY    99.0% LATENCY    99.9% LATENCY    50.0% ATT_LT    90.0% ATT_LT
-------  ------------  -------  --------  ----------  ---------  -----  --------  --------  ---------------  ---------------  ---------------  ---------------  --------------  --------------
3.2%     DELIVERY           22        22          22         22      4   99999.9   99999.9          99999.9          99999.9          99999.9          99999.9         99999.9         99999.9
43.52%   NEW_ORDER         299       299         299        299     60   99999.9   99999.9          99999.9          99999.9          99999.9          99999.9         99999.9         99999.9
44.1%    PAYMENT           302       303         303        303     60   99999.9   99999.9          99999.9          99999.9          99999.9          99999.9         99999.9         99999.9
4.95%    STOCK_LEVEL        34        34          34         34      7   99999.9   99999.9          99999.9          99999.9          99999.9          99999.9         99999.9         99999.9
4.22%    ORDER_STATUS       29        29          29         29      6   99999.9   99999.9          99999.9          99999.9          99999.9          99999.9         99999.9         99999.9
----     Total             686       687         687        687    137       0         0                0                0                0                0               0               0
	Total asking finish: 140365865214707
----------------------------------------------------------------------

DEBUG: 2017-06-16 15:45:43,897: top server heartbeat loop
DEBUG: 2017-06-16 15:45:43,898: ping s2
DEBUG: 2017-06-16 15:45:43,898: ping s5
DEBUG: 2017-06-16 15:45:43,899: ping s1
DEBUG: 2017-06-16 15:45:43,899: ping s4
DEBUG: 2017-06-16 15:45:43,900: ping s0
DEBUG: 2017-06-16 15:45:43,900: ping s3
INFO: 2017-06-16 15:45:43,901: CPU 0: 0.135309278351
INFO: 2017-06-16 15:45:43,901: CPU 1: -1.0
INFO: 2017-06-16 15:45:43,902: CPU 2: 0.141522029372
INFO: 2017-06-16 15:45:43,902: CPU 3: -1.0
INFO: 2017-06-16 15:45:43,903: CPU 4: 0.165343915344
INFO: 2017-06-16 15:45:43,903: CPU 5: -1.0
DEBUG: 2017-06-16 15:45:47,049: top client heartbeat; timeout 5
DEBUG: 2017-06-16 15:45:47,060: during recording period!!! 40
DEBUG: 2017-06-16 15:45:47,061: during recording period!!! 10
DEBUG: 2017-06-16 15:45:47,061: during recording period!!! 20
DEBUG: 2017-06-16 15:45:47,061: during recording period!!! 50
DEBUG: 2017-06-16 15:45:47,062: during recording period!!! 30
DEBUG: 2017-06-16 15:45:47,062: timing from server: run_sec 11.00; run_nsec -945715867.00
DEBUG: 2017-06-16 15:45:47,062: avg timing from 1 servers: run_sec 11.00; run_nsec -945715867.00
INFO: 2017-06-16 15:45:47,063: Progress: 101
INFO: 2017-06-16 15:45:47,063: done with recording period
INFO: 2017-06-16 15:45:47,063: mid_commit_txn: 43
INFO: 2017-06-16 15:45:47,064: mid_pre_commit_txn: 22
INFO: 2017-06-16 15:45:47,064: mid_time = 5.029970487
INFO: 2017-06-16 15:45:47,064: percent: 0.5
INFO: 2017-06-16 15:45:47,065: percent: 0.9
INFO: 2017-06-16 15:45:47,065: percent: 0.99
INFO: 2017-06-16 15:45:47,065: percent: 0.999
INFO: 2017-06-16 15:45:47,078: 
__Data__
ab: brq
all_latency: {'50.0': 3.000244140625, '90.0': 3.252197265625, '99.0': 3.384765625,
  '99.9': 3.384765625, max: 3.384765625, min: 2.6865234375}
att_latency: {'50.0': 3.001953125, '90.0': 3.252685546875, '99.0': 3.38525390625,
  '99.9': 3.38525390625, max: 3.38525390625, min: 2.68701171875}
attempts: 21
benchmark: tpcc
cc: brq
clients: 1
commits: 21
duration: 5.029970487
experiment_id: 2
latency: {'50.0': 3.000244140625, '90.0': 3.252197265625, '99.0': 3.384765625, '99.9': 3.384765625,
  max: 3.384765625, min: 2.6865234375}
retries_exhausted_cnt: 0
start_cnt: 21
total_cnt: 21
tps: 4.174974794439584
txn_name: DELIVERY
zipf: -1

__EndData__

INFO: 2017-06-16 15:45:47,078: mid_commit_txn: 568
INFO: 2017-06-16 15:45:47,079: mid_pre_commit_txn: 299
INFO: 2017-06-16 15:45:47,079: mid_time = 5.029970487
INFO: 2017-06-16 15:45:47,080: percent: 0.5
INFO: 2017-06-16 15:45:47,080: percent: 0.9
INFO: 2017-06-16 15:45:47,081: percent: 0.99
INFO: 2017-06-16 15:45:47,081: percent: 0.999
INFO: 2017-06-16 15:45:47,093: 
__Data__
ab: brq
all_latency: {'50.0': 9.9501953125, '90.0': 11.36669921875, '99.0': 11.86865234375,
  '99.9': 24.3427734375, max: 24.3427734375, min: 7.897216796875}
att_latency: {'50.0': 9.950927734375, '90.0': 11.3671875, '99.0': 11.869140625, '99.9': 24.34326171875,
  max: 24.34326171875, min: 7.897705078125}
attempts: 269
benchmark: tpcc
cc: brq
clients: 1
commits: 269
duration: 5.029970487
experiment_id: 2
latency: {'50.0': 9.9501953125, '90.0': 11.36669921875, '99.0': 11.86865234375, '99.9': 24.3427734375,
  max: 24.3427734375, min: 7.897216796875}
retries_exhausted_cnt: 0
start_cnt: 269
total_cnt: 269
tps: 53.47943903353563
txn_name: NEW_ORDER
zipf: -1

__EndData__

INFO: 2017-06-16 15:45:47,093: mid_commit_txn: 564
INFO: 2017-06-16 15:45:47,094: mid_pre_commit_txn: 303
INFO: 2017-06-16 15:45:47,094: mid_time = 5.029970487
INFO: 2017-06-16 15:45:47,095: percent: 0.5
INFO: 2017-06-16 15:45:47,095: percent: 0.9
INFO: 2017-06-16 15:45:47,095: percent: 0.99
INFO: 2017-06-16 15:45:47,096: percent: 0.999
INFO: 2017-06-16 15:45:47,108: 
__Data__
ab: brq
all_latency: {'50.0': 3.400146484375, '90.0': 3.76953125, '99.0': 4.11083984375, '99.9': 5.6943359375,
  max: 5.6943359375, min: 2.427001953125}
att_latency: {'50.0': 3.400634765625, '90.0': 3.770263671875, '99.0': 4.111328125,
  '99.9': 5.694580078125, max: 5.694580078125, min: 2.427490234375}
attempts: 261
benchmark: tpcc
cc: brq
clients: 1
commits: 261
duration: 5.029970487
experiment_id: 2
latency: {'50.0': 3.400146484375, '90.0': 3.76953125, '99.0': 4.11083984375, '99.9': 5.6943359375,
  max: 5.6943359375, min: 2.427001953125}
retries_exhausted_cnt: 0
start_cnt: 261
total_cnt: 261
tps: 51.88897244517769
txn_name: PAYMENT
zipf: -1

__EndData__

INFO: 2017-06-16 15:45:47,108: mid_commit_txn: 58
INFO: 2017-06-16 15:45:47,109: mid_pre_commit_txn: 34
INFO: 2017-06-16 15:45:47,109: mid_time = 5.029970487
INFO: 2017-06-16 15:45:47,109: percent: 0.5
INFO: 2017-06-16 15:45:47,110: percent: 0.9
INFO: 2017-06-16 15:45:47,110: percent: 0.99
INFO: 2017-06-16 15:45:47,110: percent: 0.999
INFO: 2017-06-16 15:45:47,122: 
__Data__
ab: brq
all_latency: {'50.0': 5.43408203125, '90.0': 5.53564453125, '99.0': 5.681884765625,
  '99.9': 5.681884765625, max: 5.681884765625, min: 5.27294921875}
att_latency: {'50.0': 5.4345703125, '90.0': 5.5361328125, '99.0': 5.682373046875,
  '99.9': 5.682373046875, max: 5.682373046875, min: 5.273193359375}
attempts: 24
benchmark: tpcc
cc: brq
clients: 1
commits: 24
duration: 5.029970487
experiment_id: 2
latency: {'50.0': 5.43408203125, '90.0': 5.53564453125, '99.0': 5.681884765625, '99.9': 5.681884765625,
  max: 5.681884765625, min: 5.27294921875}
retries_exhausted_cnt: 0
start_cnt: 24
total_cnt: 24
tps: 4.77139976507381
txn_name: STOCK_LEVEL
zipf: -1

__EndData__

INFO: 2017-06-16 15:45:47,123: mid_commit_txn: 54
INFO: 2017-06-16 15:45:47,123: mid_pre_commit_txn: 29
INFO: 2017-06-16 15:45:47,123: mid_time = 5.029970487
INFO: 2017-06-16 15:45:47,124: percent: 0.5
INFO: 2017-06-16 15:45:47,124: percent: 0.9
INFO: 2017-06-16 15:45:47,124: percent: 0.99
INFO: 2017-06-16 15:45:47,125: percent: 0.999
INFO: 2017-06-16 15:45:47,136: 
__Data__
ab: brq
all_latency: {'50.0': 3.51806640625, '90.0': 3.78662109375, '99.0': 4.033935546875,
  '99.9': 4.033935546875, max: 4.033935546875, min: 2.69775390625}
att_latency: {'50.0': 3.5185546875, '90.0': 3.787109375, '99.0': 4.034423828125, '99.9': 4.034423828125,
  max: 4.034423828125, min: 2.6982421875}
attempts: 25
benchmark: tpcc
cc: brq
clients: 1
commits: 25
duration: 5.029970487
experiment_id: 2
latency: {'50.0': 3.51806640625, '90.0': 3.78662109375, '99.0': 4.033935546875, '99.9': 4.033935546875,
  max: 4.033935546875, min: 2.69775390625}
retries_exhausted_cnt: 0
start_cnt: 25
total_cnt: 25
tps: 4.970208088618553
txn_name: ORDER_STATUS
zipf: -1

__EndData__

INFO: 2017-06-16 15:45:47,137: total_time: 10.054284133
INFO: 2017-06-16 15:45:47,145: 
Progress: 101%
TOTAL: elapsed time: 10.05
RATIO    NAME            start    finish    attempts    commits    TPS
-------  ------------  -------  --------  ----------  ---------  -----
3.34%    DELIVERY           43        43          43         43      4
44.13%   NEW_ORDER         568       568         568        568     56
43.82%   PAYMENT           564       564         564        564     56
4.51%    STOCK_LEVEL        58        58          58         58      6
4.2%     ORDER_STATUS       54        54          54         54      5
----     Total            1287      1287        1287       1287    128

INTERVAL: elapsed time: 5.03
RATIO    NAME            start    finish    attempts    commits    TPS    min lt    max lt    50.0% LATENCY    90.0% LATENCY    99.0% LATENCY    99.9% LATENCY    50.0% ATT_LT    90.0% ATT_LT
-------  ------------  -------  --------  ----------  ---------  -----  --------  --------  ---------------  ---------------  ---------------  ---------------  --------------  --------------
3.5%     DELIVERY           21        21          21         21      4   99999.9   99999.9          99999.9          99999.9          99999.9          99999.9         99999.9         99999.9
44.83%   NEW_ORDER         269       269         269        269     53   99999.9   99999.9          99999.9          99999.9          99999.9          99999.9         99999.9         99999.9
43.5%    PAYMENT           261       261         261        261     52   99999.9   99999.9          99999.9          99999.9          99999.9          99999.9         99999.9         99999.9
4.0%     STOCK_LEVEL        24        24          24         24      5   99999.9   99999.9          99999.9          99999.9          99999.9          99999.9         99999.9         99999.9
4.17%    ORDER_STATUS       25        25          25         25      5   99999.9   99999.9          99999.9          99999.9          99999.9          99999.9         99999.9         99999.9
----     Total             600       600         600        600    119       0         0                0                0                0                0               0               0
	Total asking finish: 280731730427366
----------------------------------------------------------------------

DEBUG: 2017-06-16 15:45:50,908: top server heartbeat loop
DEBUG: 2017-06-16 15:45:50,908: ping s2
DEBUG: 2017-06-16 15:45:50,909: ping s5
DEBUG: 2017-06-16 15:45:50,909: ping s1
DEBUG: 2017-06-16 15:45:50,910: ping s4
DEBUG: 2017-06-16 15:45:50,910: ping s0
DEBUG: 2017-06-16 15:45:50,911: ping s3
INFO: 2017-06-16 15:45:50,911: CPU 0: 0.09272467903
INFO: 2017-06-16 15:45:50,912: CPU 1: -1.0
INFO: 2017-06-16 15:45:50,912: CPU 2: 0.0970042796006
INFO: 2017-06-16 15:45:50,913: CPU 3: -1.0
INFO: 2017-06-16 15:45:50,913: CPU 4: 0.104136947218
INFO: 2017-06-16 15:45:50,914: CPU 5: -1.0
INFO: 2017-06-16 15:45:52,151: Duration: 15.15 seconds
INFO: 2017-06-16 15:45:52,151: Benchmark finished
DEBUG: 2017-06-16 15:45:57,921: top server heartbeat loop
DEBUG: 2017-06-16 15:45:57,922: ping s2
DEBUG: 2017-06-16 15:45:57,923: ping s5
DEBUG: 2017-06-16 15:45:57,923: ping s1
DEBUG: 2017-06-16 15:45:57,924: ping s4
DEBUG: 2017-06-16 15:45:57,924: ping s0
DEBUG: 2017-06-16 15:45:57,924: ping s3
INFO: 2017-06-16 15:45:57,925: CPUINFO: -0.451022349025
INFO: 2017-06-16 15:45:57,926: AVG_LOG_FLUSH_CNT: -1.0
INFO: 2017-06-16 15:45:57,926: AVG_LOG_FLUSH_SZ: -1.0
INFO: 2017-06-16 15:45:57,926: BENCHMARK SUCCESS!
INFO: 2017-06-16 15:45:57,931: shutting down...
DEBUG: 2017-06-16 15:45:58,382: Existing Server or Client Processes:
----------
Server: node-11
-------------
sgt43    13367     1 13367  0   15 174577 542024 1 15:45 ?        00:00:00 ./build/deptran_server -b -d 10 -f /users/sgt43/janus/tmp/janus-final-dsefXr0hUn.yml -P node-11 -p 5558 -t 30 -r /users/sgt43/janus/log
sgt43    13367     1 13370  3   15 174577 542024 0 15:45 ?        00:00:00 ./build/deptran_server -b -d 10 -f /users/sgt43/janus/tmp/janus-final-dsefXr0hUn.yml -P node-11 -p 5558 -t 30 -r /users/sgt43/janus/log
sgt43    13367     1 13371  0   15 174577 542024 1 15:45 ?        00:00:00 ./build/deptran_server -b -d 10 -f /users/sgt43/janus/tmp/janus-final-dsefXr0hUn.yml -P node-11 -p 5558 -t 30 -r /users/sgt43/janus/log
sgt43    13367     1 13372  0   15 174577 542024 0 15:45 ?        00:00:00 ./build/deptran_server -b -d 10 -f /users/sgt43/janus/tmp/janus-final-dsefXr0hUn.yml -P node-11 -p 5558 -t 30 -r /users/sgt43/janus/log
sgt43    13367     1 13373  0   15 174577 542024 0 15:45 ?        00:00:00 ./build/deptran_server -b -d 10 -f /users/sgt43/janus/tmp/janus-final-dsefXr0hUn.yml -P node-11 -p 5558 -t 30 -r /users/sgt43/janus/log
sgt43    13367     1 13374  1   15 174577 542024 0 15:45 ?        00:00:00 ./build/deptran_server -b -d 10 -f /users/sgt43/janus/tmp/janus-final-dsefXr0hUn.yml -P node-11 -p 5558 -t 30 -r /users/sgt43/janus/log
sgt43    13367     1 13375  0   15 174577 542024 1 15:45 ?        00:00:00 ./build/deptran_server -b -d 10 -f /users/sgt43/janus/tmp/janus-final-dsefXr0hUn.yml -P node-11 -p 5558 -t 30 -r /users/sgt43/janus/log
sgt43    13367     1 13376  0   15 174577 542024 0 15:45 ?        00:00:00 ./build/deptran_server -b -d 10 -f /users/sgt43/janus/tmp/janus-final-dsefXr0hUn.yml -P node-11 -p 5558 -t 30 -r /users/sgt43/janus/log
sgt43    13367     1 13377  0   15 174577 542024 0 15:45 ?        00:00:00 ./build/deptran_server -b -d 10 -f /users/sgt43/janus/tmp/janus-final-dsefXr0hUn.yml -P node-11 -p 5558 -t 30 -r /users/sgt43/janus/log
sgt43    13367     1 13378  0   15 174577 542024 0 15:45 ?        00:00:00 ./build/deptran_server -b -d 10 -f /users/sgt43/janus/tmp/janus-final-dsefXr0hUn.yml -P node-11 -p 5558 -t 30 -r /users/sgt43/janus/log
sgt43    13367     1 13379  0   15 174577 542024 0 15:45 ?        00:00:00 ./build/deptran_server -b -d 10 -f /users/sgt43/janus/tmp/janus-final-dsefXr0hUn.yml -P node-11 -p 5558 -t 30 -r /users/sgt43/janus/log
sgt43    13367     1 13380  0   15 174577 542024 0 15:45 ?        00:00:00 ./build/deptran_server -b -d 10 -f /users/sgt43/janus/tmp/janus-final-dsefXr0hUn.yml -P node-11 -p 5558 -t 30 -r /users/sgt43/janus/log
sgt43    13367     1 13381  0   15 174577 542024 0 15:45 ?        00:00:00 ./build/deptran_server -b -d 10 -f /users/sgt43/janus/tmp/janus-final-dsefXr0hUn.yml -P node-11 -p 5558 -t 30 -r /users/sgt43/janus/log
sgt43    13367     1 13382  0   15 174577 542024 0 15:45 ?        00:00:00 ./build/deptran_server -b -d 10 -f /users/sgt43/janus/tmp/janus-final-dsefXr0hUn.yml -P node-11 -p 5558 -t 30 -r /users/sgt43/janus/log
sgt43    13367     1 13383  0   15 174577 542024 0 15:45 ?        00:00:00 ./build/deptran_server -b -d 10 -f /users/sgt43/janus/tmp/janus-final-dsefXr0hUn.yml -P node-11 -p 5558 -t 30 -r /users/sgt43/janus/log
sgt43    13402 13401 13402  0    1  3128  2884   0 15:45 ?        00:00:00 /bin/bash -c ps -eLF | grep "deptran_server"
sgt43    13404 13402 13404  0    1  3556   928   0 15:45 ?        00:00:00 grep deptran_server

----------
Server: node-10
-------------
sgt43    14768     1 14768  0   15 174833 542380 0 15:45 ?        00:00:00 ./build/deptran_server -b -d 10 -f /users/sgt43/janus/tmp/janus-final-dsefXr0hUn.yml -P node-10 -p 5557 -t 30 -r /users/sgt43/janus/log
sgt43    14768     1 14771  3   15 174833 542380 1 15:45 ?        00:00:00 ./build/deptran_server -b -d 10 -f /users/sgt43/janus/tmp/janus-final-dsefXr0hUn.yml -P node-10 -p 5557 -t 30 -r /users/sgt43/janus/log
sgt43    14768     1 14772  0   15 174833 542380 1 15:45 ?        00:00:00 ./build/deptran_server -b -d 10 -f /users/sgt43/janus/tmp/janus-final-dsefXr0hUn.yml -P node-10 -p 5557 -t 30 -r /users/sgt43/janus/log
sgt43    14768     1 14773  0   15 174833 542380 1 15:45 ?        00:00:00 ./build/deptran_server -b -d 10 -f /users/sgt43/janus/tmp/janus-final-dsefXr0hUn.yml -P node-10 -p 5557 -t 30 -r /users/sgt43/janus/log
sgt43    14768     1 14774  0   15 174833 542380 1 15:45 ?        00:00:00 ./build/deptran_server -b -d 10 -f /users/sgt43/janus/tmp/janus-final-dsefXr0hUn.yml -P node-10 -p 5557 -t 30 -r /users/sgt43/janus/log
sgt43    14768     1 14775  1   15 174833 542380 1 15:45 ?        00:00:00 ./build/deptran_server -b -d 10 -f /users/sgt43/janus/tmp/janus-final-dsefXr0hUn.yml -P node-10 -p 5557 -t 30 -r /users/sgt43/janus/log
sgt43    14768     1 14776  0   15 174833 542380 1 15:45 ?        00:00:00 ./build/deptran_server -b -d 10 -f /users/sgt43/janus/tmp/janus-final-dsefXr0hUn.yml -P node-10 -p 5557 -t 30 -r /users/sgt43/janus/log
sgt43    14768     1 14777  0   15 174833 542380 1 15:45 ?        00:00:00 ./build/deptran_server -b -d 10 -f /users/sgt43/janus/tmp/janus-final-dsefXr0hUn.yml -P node-10 -p 5557 -t 30 -r /users/sgt43/janus/log
sgt43    14768     1 14778  0   15 174833 542380 1 15:45 ?        00:00:00 ./build/deptran_server -b -d 10 -f /users/sgt43/janus/tmp/janus-final-dsefXr0hUn.yml -P node-10 -p 5557 -t 30 -r /users/sgt43/janus/log
sgt43    14768     1 14779  0   15 174833 542380 1 15:45 ?        00:00:00 ./build/deptran_server -b -d 10 -f /users/sgt43/janus/tmp/janus-final-dsefXr0hUn.yml -P node-10 -p 5557 -t 30 -r /users/sgt43/janus/log
sgt43    14768     1 14780  0   15 174833 542380 0 15:45 ?        00:00:00 ./build/deptran_server -b -d 10 -f /users/sgt43/janus/tmp/janus-final-dsefXr0hUn.yml -P node-10 -p 5557 -t 30 -r /users/sgt43/janus/log
sgt43    14768     1 14781  0   15 174833 542380 1 15:45 ?        00:00:00 ./build/deptran_server -b -d 10 -f /users/sgt43/janus/tmp/janus-final-dsefXr0hUn.yml -P node-10 -p 5557 -t 30 -r /users/sgt43/janus/log
sgt43    14768     1 14782  0   15 174833 542380 1 15:45 ?        00:00:00 ./build/deptran_server -b -d 10 -f /users/sgt43/janus/tmp/janus-final-dsefXr0hUn.yml -P node-10 -p 5557 -t 30 -r /users/sgt43/janus/log
sgt43    14768     1 14783  0   15 174833 542380 1 15:45 ?        00:00:00 ./build/deptran_server -b -d 10 -f /users/sgt43/janus/tmp/janus-final-dsefXr0hUn.yml -P node-10 -p 5557 -t 30 -r /users/sgt43/janus/log
sgt43    14768     1 14784  0   15 174833 542380 1 15:45 ?        00:00:00 ./build/deptran_server -b -d 10 -f /users/sgt43/janus/tmp/janus-final-dsefXr0hUn.yml -P node-10 -p 5557 -t 30 -r /users/sgt43/janus/log
sgt43    14803 14802 14803  0    1  3128  2884   1 15:45 ?        00:00:00 /bin/bash -c ps -eLF | grep "deptran_server"
sgt43    14805 14803 14805  0    1  3556   940   1 15:45 ?        00:00:00 grep deptran_server

----------
Server: node-1
-------------
sgt43    14771     1 14771  0   15 174578 543236 1 15:45 ?        00:00:00 ./build/deptran_server -b -d 10 -f /users/sgt43/janus/tmp/janus-final-dsefXr0hUn.yml -P node-1 -p 5556 -t 30 -r /users/sgt43/janus/log
sgt43    14771     1 14774  4   15 174578 543236 1 15:45 ?        00:00:01 ./build/deptran_server -b -d 10 -f /users/sgt43/janus/tmp/janus-final-dsefXr0hUn.yml -P node-1 -p 5556 -t 30 -r /users/sgt43/janus/log
sgt43    14771     1 14775  0   15 174578 543236 1 15:45 ?        00:00:00 ./build/deptran_server -b -d 10 -f /users/sgt43/janus/tmp/janus-final-dsefXr0hUn.yml -P node-1 -p 5556 -t 30 -r /users/sgt43/janus/log
sgt43    14771     1 14776  0   15 174578 543236 1 15:45 ?        00:00:00 ./build/deptran_server -b -d 10 -f /users/sgt43/janus/tmp/janus-final-dsefXr0hUn.yml -P node-1 -p 5556 -t 30 -r /users/sgt43/janus/log
sgt43    14771     1 14777  0   15 174578 543236 1 15:45 ?        00:00:00 ./build/deptran_server -b -d 10 -f /users/sgt43/janus/tmp/janus-final-dsefXr0hUn.yml -P node-1 -p 5556 -t 30 -r /users/sgt43/janus/log
sgt43    14771     1 14778  2   15 174578 543236 1 15:45 ?        00:00:00 ./build/deptran_server -b -d 10 -f /users/sgt43/janus/tmp/janus-final-dsefXr0hUn.yml -P node-1 -p 5556 -t 30 -r /users/sgt43/janus/log
sgt43    14771     1 14779  0   15 174578 543236 1 15:45 ?        00:00:00 ./build/deptran_server -b -d 10 -f /users/sgt43/janus/tmp/janus-final-dsefXr0hUn.yml -P node-1 -p 5556 -t 30 -r /users/sgt43/janus/log
sgt43    14771     1 14780  0   15 174578 543236 0 15:45 ?        00:00:00 ./build/deptran_server -b -d 10 -f /users/sgt43/janus/tmp/janus-final-dsefXr0hUn.yml -P node-1 -p 5556 -t 30 -r /users/sgt43/janus/log
sgt43    14771     1 14781  0   15 174578 543236 1 15:45 ?        00:00:00 ./build/deptran_server -b -d 10 -f /users/sgt43/janus/tmp/janus-final-dsefXr0hUn.yml -P node-1 -p 5556 -t 30 -r /users/sgt43/janus/log
sgt43    14771     1 14782  0   15 174578 543236 1 15:45 ?        00:00:00 ./build/deptran_server -b -d 10 -f /users/sgt43/janus/tmp/janus-final-dsefXr0hUn.yml -P node-1 -p 5556 -t 30 -r /users/sgt43/janus/log
sgt43    14771     1 14783  0   15 174578 543236 0 15:45 ?        00:00:00 ./build/deptran_server -b -d 10 -f /users/sgt43/janus/tmp/janus-final-dsefXr0hUn.yml -P node-1 -p 5556 -t 30 -r /users/sgt43/janus/log
sgt43    14771     1 14784  0   15 174578 543236 1 15:45 ?        00:00:00 ./build/deptran_server -b -d 10 -f /users/sgt43/janus/tmp/janus-final-dsefXr0hUn.yml -P node-1 -p 5556 -t 30 -r /users/sgt43/janus/log
sgt43    14771     1 14785  0   15 174578 543236 1 15:45 ?        00:00:00 ./build/deptran_server -b -d 10 -f /users/sgt43/janus/tmp/janus-final-dsefXr0hUn.yml -P node-1 -p 5556 -t 30 -r /users/sgt43/janus/log
sgt43    14771     1 14786  0   15 174578 543236 0 15:45 ?        00:00:00 ./build/deptran_server -b -d 10 -f /users/sgt43/janus/tmp/janus-final-dsefXr0hUn.yml -P node-1 -p 5556 -t 30 -r /users/sgt43/janus/log
sgt43    14771     1 14787  0   15 174578 543236 1 15:45 ?        00:00:00 ./build/deptran_server -b -d 10 -f /users/sgt43/janus/tmp/janus-final-dsefXr0hUn.yml -P node-1 -p 5556 -t 30 -r /users/sgt43/janus/log
sgt43    14806 14805 14806  0    1  3128  2916   1 15:45 ?        00:00:00 /bin/bash -c ps -eLF | grep "deptran_server"
sgt43    14808 14806 14808  0    1  3556  1016   0 15:45 ?        00:00:00 grep deptran_server

----------
Server: node-13
-------------
sgt43    13393     1 13393  0   10 40792 47688   0 15:45 ?        00:00:00 ./build/deptran_server -b -d 10 -f /users/sgt43/janus/tmp/janus-final-dsefXr0hUn.yml -P node-13 -p 5555 -t 30 -r /users/sgt43/janus/log
sgt43    13393     1 13394  1   10 40792 47688   0 15:45 ?        00:00:00 ./build/deptran_server -b -d 10 -f /users/sgt43/janus/tmp/janus-final-dsefXr0hUn.yml -P node-13 -p 5555 -t 30 -r /users/sgt43/janus/log
sgt43    13393     1 13395  0   10 40792 47688   0 15:45 ?        00:00:00 ./build/deptran_server -b -d 10 -f /users/sgt43/janus/tmp/janus-final-dsefXr0hUn.yml -P node-13 -p 5555 -t 30 -r /users/sgt43/janus/log
sgt43    13393     1 13396  0   10 40792 47688   0 15:45 ?        00:00:00 ./build/deptran_server -b -d 10 -f /users/sgt43/janus/tmp/janus-final-dsefXr0hUn.yml -P node-13 -p 5555 -t 30 -r /users/sgt43/janus/log
sgt43    13393     1 13397  2   10 40792 47688   0 15:45 ?        00:00:00 ./build/deptran_server -b -d 10 -f /users/sgt43/janus/tmp/janus-final-dsefXr0hUn.yml -P node-13 -p 5555 -t 30 -r /users/sgt43/janus/log
sgt43    13393     1 13398  2   10 40792 47688   0 15:45 ?        00:00:00 ./build/deptran_server -b -d 10 -f /users/sgt43/janus/tmp/janus-final-dsefXr0hUn.yml -P node-13 -p 5555 -t 30 -r /users/sgt43/janus/log
sgt43    13393     1 13399  2   10 40792 47688   0 15:45 ?        00:00:00 ./build/deptran_server -b -d 10 -f /users/sgt43/janus/tmp/janus-final-dsefXr0hUn.yml -P node-13 -p 5555 -t 30 -r /users/sgt43/janus/log
sgt43    13393     1 13400  2   10 40792 47688   0 15:45 ?        00:00:00 ./build/deptran_server -b -d 10 -f /users/sgt43/janus/tmp/janus-final-dsefXr0hUn.yml -P node-13 -p 5555 -t 30 -r /users/sgt43/janus/log
sgt43    13393     1 13401 10   10 40792 47688   0 15:45 ?        00:00:03 ./build/deptran_server -b -d 10 -f /users/sgt43/janus/tmp/janus-final-dsefXr0hUn.yml -P node-13 -p 5555 -t 30 -r /users/sgt43/janus/log
sgt43    13393     1 13402  0   10 40792 47688   0 15:45 ?        00:00:00 ./build/deptran_server -b -d 10 -f /users/sgt43/janus/tmp/janus-final-dsefXr0hUn.yml -P node-13 -p 5555 -t 30 -r /users/sgt43/janus/log
sgt43    13422 13421 13422  0    1  3128  2888   0 15:45 ?        00:00:00 /bin/bash -c ps -eLF | grep "deptran_server"
sgt43    13424 13422 13424  0    1  3556   928   0 15:45 ?        00:00:00 grep deptran_server

INFO: 2017-06-16 15:45:58,399: waiting for killall commands to finish.
INFO: 2017-06-16 15:45:58,818: done waiting for killall commands to finish.
DEBUG: 2017-06-16 15:45:59,368: Existing Server or Client After Kill:
----------
Server: node-13
-------------
sgt43    13466 13465 13466  0    1  3128  2920   0 15:45 ?        00:00:00 /bin/bash -c ps -eLF | grep "deptran_server"
sgt43    13468 13466 13468  0    1  3556   980   0 15:45 ?        00:00:00 grep deptran_server

----------
Server: node-11
-------------
sgt43    13447 13446 13447  0    1  3128  2984   0 15:45 ?        00:00:00 /bin/bash -c ps -eLF | grep "deptran_server"
sgt43    13449 13447 13449  0    1  3556   920   0 15:45 ?        00:00:00 grep deptran_server

----------
Server: node-10
-------------
sgt43    14858 14857 14858  0    1  3128  2960   1 15:45 ?        00:00:00 /bin/bash -c ps -eLF | grep "deptran_server"
sgt43    14860 14858 14860  0    1  3556   996   1 15:45 ?        00:00:00 grep deptran_server

----------
Server: node-1
-------------
sgt43    14861 14860 14861  0    1  3128  2880   0 15:45 ?        00:00:00 /bin/bash -c ps -eLF | grep "deptran_server"
sgt43    14863 14861 14863  0    1  3556   984   0 15:45 ?        00:00:00 grep deptran_server

